<?xml version="1.0" encoding="utf-8"?><testsuites><testsuite errors="0" failures="0" hostname="LAPTOP-PUTKGSA4" name="pytest" skipped="0" tests="3" time="30.930" timestamp="2020-08-20T16:19:44.089284"><testcase classname="test_HomePage.Test_HomePage" file="test_HomePage.py" line="14" name="test_formSubmission[getData0]" time="10.452"></testcase><testcase classname="test_HomePage.Test_HomePage" file="test_HomePage.py" line="14" name="test_formSubmission[getData1]" time="1.395"></testcase><testcase classname="test_end_to_end.Test_CasesOne" file="test_end_to_end.py" line="18" name="test_end_to_end" time="18.946"></testcase></testsuite></testsuites>